<?xml version="1.0" encoding="UTF-8"?>
<!-- Generated by org.testng.reporters.JUnitXMLReporter -->
<testsuite ignored="1" hostname="OPTIMUSPRIME" failures="1" tests="4" name="Test1" time="40.058" errors="0" timestamp="05 Apr 2022 10:13:20 GMT">
  <testcase classname="TestNGFrameWork.NewTest" name="f" time="13.42"/>
  <testcase classname="TestNGFrameWork.NewTest_001" name="googleSearch" time="0.335">
    <failure type="org.openqa.selenium.ElementNotInteractableException" message="element not interactable
  (Session info: chrome=100.0.4896.60)
Build info: version: &amp;apos;4.1.1&amp;apos;, revision: &amp;apos;e8fcc2cecf&amp;apos;
System info: host: &amp;apos;OPTIMUSPRIME&amp;apos;, ip: &amp;apos;192.168.29.17&amp;apos;, os.name: &amp;apos;Windows 7&amp;apos;, os.arch: &amp;apos;amd64&amp;apos;, os.version: &amp;apos;6.1&amp;apos;, java.version: &amp;apos;17.0.1&amp;apos;
Driver info: org.openqa.selenium.chrome.ChromeDriver
Command: [9e612fdf29f7b5604030123079e91ffd, clickElement {id=8a6a89b7-5dc7-43b6-9543-d89ae068817c}]
Capabilities {acceptInsecureCerts: false, browserName: chrome, browserVersion: 100.0.4896.60, chrome: {chromedriverVersion: 100.0.4896.60 (6a5d10861ce8..., userDataDir: C:\Users\pabitra\AppData\Lo...}, goog:chromeOptions: {debuggerAddress: localhost:50905}, javascriptEnabled: true, networkConnectionEnabled: false, pageLoadStrategy: normal, platform: WINDOWS, platformName: WINDOWS, proxy: Proxy(), se:cdp: ws://localhost:50905/devtoo..., se:cdpVersion: 100.0.4896.60, setWindowRect: true, strictFileInteractability: false, timeouts: {implicit: 0, pageLoad: 300000, script: 30000}, unhandledPromptBehavior: dismiss and notify, webauthn:extension:credBlob: true, webauthn:extension:largeBlob: true, webauthn:virtualAuthenticators: true}
Element: [[ChromeDriver: chrome on WINDOWS (9e612fdf29f7b5604030123079e91ffd)] -&amp;gt; name: btnK]
Session ID: 9e612fdf29f7b5604030123079e91ffd">
      <![CDATA[org.openqa.selenium.ElementNotInteractableException: element not interactable
  (Session info: chrome=100.0.4896.60)
Build info: version: '4.1.1', revision: 'e8fcc2cecf'
System info: host: 'OPTIMUSPRIME', ip: '192.168.29.17', os.name: 'Windows 7', os.arch: 'amd64', os.version: '6.1', java.version: '17.0.1'
Driver info: org.openqa.selenium.chrome.ChromeDriver
Command: [9e612fdf29f7b5604030123079e91ffd, clickElement {id=8a6a89b7-5dc7-43b6-9543-d89ae068817c}]
Capabilities {acceptInsecureCerts: false, browserName: chrome, browserVersion: 100.0.4896.60, chrome: {chromedriverVersion: 100.0.4896.60 (6a5d10861ce8..., userDataDir: C:\Users\pabitra\AppData\Lo...}, goog:chromeOptions: {debuggerAddress: localhost:50905}, javascriptEnabled: true, networkConnectionEnabled: false, pageLoadStrategy: normal, platform: WINDOWS, platformName: WINDOWS, proxy: Proxy(), se:cdp: ws://localhost:50905/devtoo..., se:cdpVersion: 100.0.4896.60, setWindowRect: true, strictFileInteractability: false, timeouts: {implicit: 0, pageLoad: 300000, script: 30000}, unhandledPromptBehavior: dismiss and notify, webauthn:extension:credBlob: true, webauthn:extension:largeBlob: true, webauthn:virtualAuthenticators: true}
Element: [[ChromeDriver: chrome on WINDOWS (9e612fdf29f7b5604030123079e91ffd)] -> name: btnK]
Session ID: 9e612fdf29f7b5604030123079e91ffd
at org.openqa.selenium.remote.codec.w3c.W3CHttpResponseCodec.createException(W3CHttpResponseCodec.java:200)
at org.openqa.selenium.remote.codec.w3c.W3CHttpResponseCodec.decode(W3CHttpResponseCodec.java:133)
at org.openqa.selenium.remote.codec.w3c.W3CHttpResponseCodec.decode(W3CHttpResponseCodec.java:53)
at org.openqa.selenium.remote.HttpCommandExecutor.execute(HttpCommandExecutor.java:184)
at org.openqa.selenium.remote.service.DriverCommandExecutor.invokeExecute(DriverCommandExecutor.java:167)
at org.openqa.selenium.remote.service.DriverCommandExecutor.execute(DriverCommandExecutor.java:142)
at org.openqa.selenium.remote.RemoteWebDriver.execute(RemoteWebDriver.java:543)
at org.openqa.selenium.remote.RemoteWebElement.execute(RemoteWebElement.java:251)
at org.openqa.selenium.remote.RemoteWebElement.click(RemoteWebElement.java:77)
at TestNGFrameWork.NewTest_001.googleSearch(NewTest_001.java:29)
... Removed 30 stack frames]]>
    </failure>
  </testcase> <!-- googleSearch -->
  <testcase classname="TestNGFrameWork.FirstTestNG" name="login" time="0.002"/>
  <testcase classname="TestNGFrameWork.FirstTestNG" name="logout" time="0.003"/>
  <testcase classname="TestNGFrameWork.FirstTestNG" name="select" time="0.0">
    <ignored/>
  </testcase> <!-- select -->
</testsuite> <!-- Test1 -->
