<?xml version="1.0" encoding="UTF-8"?>
<!-- Generated by org.testng.reporters.JUnitXMLReporter -->
<testsuite ignored="2" hostname="DESKTOP-QMSQO3B" failures="7" tests="8" name="ParaBank Suite" time="23.183" errors="0" timestamp="2022-06-05T19:58:52 IST">
  <testcase classname="com.parabank.testcases.ParaBankOpenNewAccount" name="getExistingCustomerNumber" time="0.657">
    <failure type="org.openqa.selenium.NoSuchElementException" message="no such element: Unable to locate element: {&amp;quot;method&amp;quot;:&amp;quot;xpath&amp;quot;,&amp;quot;selector&amp;quot;:&amp;quot;//*[@id=&amp;quot;accountTable&amp;quot;]/tbody/tr[1]/td[1]/a&amp;quot;}
  (Session info: chrome=102.0.5005.63)
For documentation on this error, please visit: https://www.seleniumhq.org/exceptions/no_such_element.html
Build info: version: &amp;apos;3.141.59&amp;apos;, revision: &amp;apos;e82be7d358&amp;apos;, time: &amp;apos;2018-11-14T08:17:03&amp;apos;
System info: host: &amp;apos;DESKTOP-QMSQO3B&amp;apos;, ip: &amp;apos;192.168.1.4&amp;apos;, os.name: &amp;apos;Windows 10&amp;apos;, os.arch: &amp;apos;amd64&amp;apos;, os.version: &amp;apos;10.0&amp;apos;, java.version: &amp;apos;11.0.10&amp;apos;
Driver info: org.openqa.selenium.chrome.ChromeDriver
Capabilities {acceptInsecureCerts: false, browserName: chrome, browserVersion: 102.0.5005.63, chrome: {chromedriverVersion: 102.0.5005.61 (0e59bcc00cc4..., userDataDir: C:\Users\User\AppData\Local...}, goog:chromeOptions: {debuggerAddress: localhost:61529}, javascriptEnabled: true, networkConnectionEnabled: false, pageLoadStrategy: normal, platform: WINDOWS, platformName: WINDOWS, proxy: Proxy(), setWindowRect: true, strictFileInteractability: false, timeouts: {implicit: 0, pageLoad: 300000, script: 30000}, unhandledPromptBehavior: dismiss and notify, webauthn:extension:credBlob: true, webauthn:extension:largeBlob: true, webauthn:virtualAuthenticators: true}
Session ID: 546ef0bb8e4e06bfdb4da49904f2f4f9
*** Element info: {Using=xpath, value=//*[@id=&amp;quot;accountTable&amp;quot;]/tbody/tr[1]/td[1]/a}">
      <![CDATA[org.openqa.selenium.NoSuchElementException: no such element: Unable to locate element: {"method":"xpath","selector":"//*[@id="accountTable"]/tbody/tr[1]/td[1]/a"}
  (Session info: chrome=102.0.5005.63)
For documentation on this error, please visit: https://www.seleniumhq.org/exceptions/no_such_element.html
Build info: version: '3.141.59', revision: 'e82be7d358', time: '2018-11-14T08:17:03'
System info: host: 'DESKTOP-QMSQO3B', ip: '192.168.1.4', os.name: 'Windows 10', os.arch: 'amd64', os.version: '10.0', java.version: '11.0.10'
Driver info: org.openqa.selenium.chrome.ChromeDriver
Capabilities {acceptInsecureCerts: false, browserName: chrome, browserVersion: 102.0.5005.63, chrome: {chromedriverVersion: 102.0.5005.61 (0e59bcc00cc4..., userDataDir: C:\Users\User\AppData\Local...}, goog:chromeOptions: {debuggerAddress: localhost:61529}, javascriptEnabled: true, networkConnectionEnabled: false, pageLoadStrategy: normal, platform: WINDOWS, platformName: WINDOWS, proxy: Proxy(), setWindowRect: true, strictFileInteractability: false, timeouts: {implicit: 0, pageLoad: 300000, script: 30000}, unhandledPromptBehavior: dismiss and notify, webauthn:extension:credBlob: true, webauthn:extension:largeBlob: true, webauthn:virtualAuthenticators: true}
Session ID: 546ef0bb8e4e06bfdb4da49904f2f4f9
*** Element info: {Using=xpath, value=//*[@id="accountTable"]/tbody/tr[1]/td[1]/a}
at org.openqa.selenium.remote.http.W3CHttpResponseCodec.createException(W3CHttpResponseCodec.java:187)
at org.openqa.selenium.remote.http.W3CHttpResponseCodec.decode(W3CHttpResponseCodec.java:122)
at org.openqa.selenium.remote.http.W3CHttpResponseCodec.decode(W3CHttpResponseCodec.java:49)
at org.openqa.selenium.remote.HttpCommandExecutor.execute(HttpCommandExecutor.java:158)
at org.openqa.selenium.remote.service.DriverCommandExecutor.execute(DriverCommandExecutor.java:83)
at org.openqa.selenium.remote.RemoteWebDriver.execute(RemoteWebDriver.java:552)
at org.openqa.selenium.remote.RemoteWebDriver.findElement(RemoteWebDriver.java:323)
at org.openqa.selenium.remote.RemoteWebDriver.findElementByXPath(RemoteWebDriver.java:428)
at org.openqa.selenium.By$ByXPath.findElement(By.java:353)
at org.openqa.selenium.remote.RemoteWebDriver.findElement(RemoteWebDriver.java:315)
at com.parabank.testcases.ParaBankOpenNewAccount.getExistingCustomerNumber(ParaBankOpenNewAccount.java:41)
at java.base/java.util.ArrayList.forEach(ArrayList.java:1541)
... Removed 31 stack frames]]>
    </failure>
  </testcase> <!-- getExistingCustomerNumber -->
  <testcase classname="com.parabank.testcases.ParaBankOpenNewAccount" name="openNewCheckingAccount" time="0.883">
    <failure type="java.lang.NullPointerException">
      <![CDATA[java.lang.NullPointerException
at org.openqa.selenium.support.ui.Quotes.escape(Quotes.java:42)
at org.openqa.selenium.support.ui.Select.selectByVisibleText(Select.java:113)
at com.nxtgenai.pages.ParaBankOpenNewAccountPage.selectAccountNumber(ParaBankOpenNewAccountPage.java:43)
at com.parabank.testcases.ParaBankOpenNewAccount.openNewCheckingAccount(ParaBankOpenNewAccount.java:54)
at java.base/java.util.ArrayList.forEach(ArrayList.java:1541)
... Removed 27 stack frames]]>
    </failure>
  </testcase> <!-- openNewCheckingAccount -->
  <testcase classname="com.parabank.testcases.ParaBankOpenNewAccount" name="openNewSavingAccount" time="0.777">
    <failure type="java.lang.NullPointerException">
      <![CDATA[java.lang.NullPointerException
at org.openqa.selenium.support.ui.Quotes.escape(Quotes.java:42)
at org.openqa.selenium.support.ui.Select.selectByVisibleText(Select.java:113)
at com.nxtgenai.pages.ParaBankOpenNewAccountPage.selectAccountNumber(ParaBankOpenNewAccountPage.java:43)
at com.parabank.testcases.ParaBankOpenNewAccount.openNewSavingAccount(ParaBankOpenNewAccount.java:74)
at java.base/java.util.ArrayList.forEach(ArrayList.java:1541)
... Removed 27 stack frames]]>
    </failure>
  </testcase> <!-- openNewSavingAccount -->
  <testcase classname="com.parabank.testcases.ParaBankOpenNewAccount" name="saveAccountNumbers" time="0.003"/>
  <testcase classname="com.parabank.testcases.ParaBankTransferFunds" name="fundTransferCheckingToSavingAccount" time="4.082">
    <failure type="java.lang.NullPointerException">
      <![CDATA[java.lang.NullPointerException
at org.openqa.selenium.support.ui.Quotes.escape(Quotes.java:42)
at org.openqa.selenium.support.ui.Select.selectByVisibleText(Select.java:113)
at com.nxtgenai.pages.ParaBankTransferFundsPage.selectFromAccount(ParaBankTransferFundsPage.java:44)
at com.parabank.testcases.ParaBankTransferFunds.fundTransferCheckingToSavingAccount(ParaBankTransferFunds.java:43)
at java.base/java.util.ArrayList.forEach(ArrayList.java:1541)
... Removed 27 stack frames]]>
    </failure>
  </testcase> <!-- fundTransferCheckingToSavingAccount -->
  <testcase classname="com.parabank.testcases.ParaBankTransferFunds" name="fundTransferSavingToCheckingAccount" time="3.723">
    <failure type="java.lang.NullPointerException">
      <![CDATA[java.lang.NullPointerException
at org.openqa.selenium.support.ui.Quotes.escape(Quotes.java:42)
at org.openqa.selenium.support.ui.Select.selectByVisibleText(Select.java:113)
at com.nxtgenai.pages.ParaBankTransferFundsPage.selectFromAccount(ParaBankTransferFundsPage.java:44)
at com.parabank.testcases.ParaBankTransferFunds.fundTransferSavingToCheckingAccount(ParaBankTransferFunds.java:66)
at java.base/java.util.ArrayList.forEach(ArrayList.java:1541)
... Removed 27 stack frames]]>
    </failure>
  </testcase> <!-- fundTransferSavingToCheckingAccount -->
  <testcase classname="com.parabank.testcases.ParaBankTransferFunds" name="fundTransferCheckingToExistingAccount" time="3.754">
    <failure type="java.lang.NullPointerException">
      <![CDATA[java.lang.NullPointerException
at org.openqa.selenium.support.ui.Quotes.escape(Quotes.java:42)
at org.openqa.selenium.support.ui.Select.selectByVisibleText(Select.java:113)
at com.nxtgenai.pages.ParaBankTransferFundsPage.selectFromAccount(ParaBankTransferFundsPage.java:44)
at com.parabank.testcases.ParaBankTransferFunds.fundTransferCheckingToExistingAccount(ParaBankTransferFunds.java:90)
at java.base/java.util.ArrayList.forEach(ArrayList.java:1541)
... Removed 27 stack frames]]>
    </failure>
  </testcase> <!-- fundTransferCheckingToExistingAccount -->
  <testcase classname="com.parabank.testcases.ParaBankTransferFunds" name="fundTransferExistingtoCheckingAccount" time="3.721">
    <failure type="java.lang.NullPointerException">
      <![CDATA[java.lang.NullPointerException
at org.openqa.selenium.support.ui.Quotes.escape(Quotes.java:42)
at org.openqa.selenium.support.ui.Select.selectByVisibleText(Select.java:113)
at com.nxtgenai.pages.ParaBankTransferFundsPage.selectFromAccount(ParaBankTransferFundsPage.java:44)
at com.parabank.testcases.ParaBankTransferFunds.fundTransferExistingtoCheckingAccount(ParaBankTransferFunds.java:114)
at java.base/java.util.ArrayList.forEach(ArrayList.java:1541)
... Removed 27 stack frames]]>
    </failure>
  </testcase> <!-- fundTransferExistingtoCheckingAccount -->
  <testcase classname="com.nxtgenai.driverscript.TestBase" name="@BeforeSuite setUp" time="0.0">
    <ignored/>
  </testcase> <!-- @BeforeSuite setUp -->
  <testcase classname="com.nxtgenai.driverscript.TestBase" name="@AfterSuite tearDown" time="0.0">
    <ignored/>
  </testcase> <!-- @AfterSuite tearDown -->
</testsuite> <!-- ParaBank Suite -->
