<?xml version="1.0" encoding="UTF-8"?>
<!-- Generated by org.testng.reporters.JUnitXMLReporter -->
<testsuite ignored="0" hostname="OPTIMUSPRIME" failures="1" tests="5" name="ListenerTestCase" time="28.807" errors="0" timestamp="2023-06-23T17:27:19 IST">
  <testcase classname="com.TestNg_Methods.ScreenNavigation_CoustomizeListener" name="navigateToRegistrationForm" time="0.616"/>
  <testcase classname="com.TestNg_Methods.ScreenNavigation_CoustomizeListener" name="navigateToAlertAndPopUp" time="10.512">
    <failure type="org.openqa.selenium.NoSuchElementException" message="no such element: Unable to locate element: {&amp;quot;method&amp;quot;:&amp;quot;xpath&amp;quot;,&amp;quot;selector&amp;quot;:&amp;quot;(//a[contains(text(),&amp;apos;Demo Site – nAlert and Popup&amp;apos;)])[2]&amp;quot;}
  (Session info: chrome=109.0.5414.120)
For documentation on this error, please visit: https://www.seleniumhq.org/exceptions/no_such_element.html
Build info: version: &amp;apos;3.141.59&amp;apos;, revision: &amp;apos;e82be7d358&amp;apos;, time: &amp;apos;2018-11-14T08:17:03&amp;apos;
System info: host: &amp;apos;OPTIMUSPRIME&amp;apos;, ip: &amp;apos;192.168.29.17&amp;apos;, os.name: &amp;apos;Windows 7&amp;apos;, os.arch: &amp;apos;amd64&amp;apos;, os.version: &amp;apos;6.1&amp;apos;, java.version: &amp;apos;11.0.16&amp;apos;
Driver info: org.openqa.selenium.chrome.ChromeDriver
Capabilities {acceptInsecureCerts: false, browserName: chrome, browserVersion: 109.0.5414.120, chrome: {chromedriverVersion: 109.0.5414.74 (e7c5703604da..., userDataDir: C:\Users\pabitra\AppData\Lo...}, goog:chromeOptions: {debuggerAddress: localhost:60822}, javascriptEnabled: true, networkConnectionEnabled: false, pageLoadStrategy: normal, platform: WINDOWS, platformName: WINDOWS, proxy: Proxy(), setWindowRect: true, strictFileInteractability: false, timeouts: {implicit: 0, pageLoad: 300000, script: 30000}, unhandledPromptBehavior: dismiss and notify, webauthn:extension:credBlob: true, webauthn:extension:largeBlob: true, webauthn:virtualAuthenticators: true}
Session ID: 5eaa2cf6bae84266529c8c3a99fea062
*** Element info: {Using=xpath, value=(//a[contains(text(),&amp;apos;Demo Site – nAlert and Popup&amp;apos;)])[2]}">
      <![CDATA[org.openqa.selenium.NoSuchElementException: no such element: Unable to locate element: {"method":"xpath","selector":"(//a[contains(text(),'Demo Site – nAlert and Popup')])[2]"}
  (Session info: chrome=109.0.5414.120)
For documentation on this error, please visit: https://www.seleniumhq.org/exceptions/no_such_element.html
Build info: version: '3.141.59', revision: 'e82be7d358', time: '2018-11-14T08:17:03'
System info: host: 'OPTIMUSPRIME', ip: '192.168.29.17', os.name: 'Windows 7', os.arch: 'amd64', os.version: '6.1', java.version: '11.0.16'
Driver info: org.openqa.selenium.chrome.ChromeDriver
Capabilities {acceptInsecureCerts: false, browserName: chrome, browserVersion: 109.0.5414.120, chrome: {chromedriverVersion: 109.0.5414.74 (e7c5703604da..., userDataDir: C:\Users\pabitra\AppData\Lo...}, goog:chromeOptions: {debuggerAddress: localhost:60822}, javascriptEnabled: true, networkConnectionEnabled: false, pageLoadStrategy: normal, platform: WINDOWS, platformName: WINDOWS, proxy: Proxy(), setWindowRect: true, strictFileInteractability: false, timeouts: {implicit: 0, pageLoad: 300000, script: 30000}, unhandledPromptBehavior: dismiss and notify, webauthn:extension:credBlob: true, webauthn:extension:largeBlob: true, webauthn:virtualAuthenticators: true}
Session ID: 5eaa2cf6bae84266529c8c3a99fea062
*** Element info: {Using=xpath, value=(//a[contains(text(),'Demo Site – nAlert and Popup')])[2]}
at org.openqa.selenium.remote.http.W3CHttpResponseCodec.createException(W3CHttpResponseCodec.java:187)
at org.openqa.selenium.remote.http.W3CHttpResponseCodec.decode(W3CHttpResponseCodec.java:122)
at org.openqa.selenium.remote.http.W3CHttpResponseCodec.decode(W3CHttpResponseCodec.java:49)
at org.openqa.selenium.remote.HttpCommandExecutor.execute(HttpCommandExecutor.java:158)
at org.openqa.selenium.remote.service.DriverCommandExecutor.execute(DriverCommandExecutor.java:83)
at org.openqa.selenium.remote.RemoteWebDriver.execute(RemoteWebDriver.java:552)
at org.openqa.selenium.remote.RemoteWebDriver.findElement(RemoteWebDriver.java:323)
at org.openqa.selenium.remote.RemoteWebDriver.findElementByXPath(RemoteWebDriver.java:428)
at org.openqa.selenium.By$ByXPath.findElement(By.java:353)
at org.openqa.selenium.remote.RemoteWebDriver.findElement(RemoteWebDriver.java:315)
at com.TestNg_Methods.ScreenNavigation_CoustomizeListener.navigateToAlertAndPopUp(ScreenNavigation_CoustomizeListener.java:63)
at java.base/java.util.ArrayList.forEach(ArrayList.java:1541)
... Removed 31 stack frames]]>
    </failure>
  </testcase> <!-- navigateToAlertAndPopUp -->
  <testcase classname="com.TestNg_Methods.ScreenNavigation_CoustomizeListener" name="registerForDomo" time="0.18"/>
  <testcase classname="com.TestNg_Methods.ScreenNavigation_CoustomizeListener" name="navigateToMultipleWindows" time="5.905"/>
  <testcase classname="com.TestNg_Methods.ScreenNavigation_CoustomizeListener" name="navigateToWebTable" time="1.685">
    <skipped/>
  </testcase> <!-- navigateToWebTable -->
</testsuite> <!-- ListenerTestCase -->
