<!DOCTYPE html PUBLIC "-//W3C//DTD XHTML 1.1//EN" "https://www.w3.org/TR/xhtml11/DTD/xhtml11.dtd">
<html xmlns="https://www.w3.org/1999/xhtml">
<head>
<meta http-equiv="content-type" content="text/html; charset=UTF-8"/>
<title>TestNG Report</title>
<style type="text/css">table {margin-bottom:10px;border-collapse:collapse;empty-cells:show}th,td {border:1px solid #009;padding:.25em .5em}th {vertical-align:bottom}td {vertical-align:top}table a {font-weight:bold}.stripe td {background-color: #E6EBF9}.num {text-align:right}.passedodd td {background-color: #3F3}.passedeven td {background-color: #0A0}.skippedodd td {background-color: #DDD}.skippedeven td {background-color: #CCC}.failedodd td,.attn {background-color: #F33}.failedeven td,.stripe .attn {background-color: #D00}.stacktrace {white-space:pre;font-family:monospace}.totop {font-size:85%;text-align:center;border-bottom:2px solid #000}.invisible {display:none}</style>
</head>
<body>
<table>
<tr><th>Test</th><th># Passed</th><th># Skipped</th><th># Retried</th><th># Failed</th><th>Time (ms)</th><th>Included Groups</th><th>Excluded Groups</th></tr>
<tr><th colspan="8">NxtGen AI Automation Suite</th></tr>
<tr><td><a href="#t0">NxtGen AI Suite</a></td><td class="num">13</td><td class="num">0</td><td class="num">0</td><td class="num attn">6</td><td class="num">70,642</td><td></td><td></td></tr>
</table>
<table id='summary'><thead><tr><th>Class</th><th>Method</th><th>Start</th><th>Time (ms)</th></tr></thead><tbody><tr><th colspan="4">NxtGen AI Automation Suite</th></tr></tbody><tbody id="t0"><tr><th colspan="4">NxtGen AI Suite &#8212; failed</th></tr><tr class="failedeven"><td rowspan="1">com.nxtgenai.testcases.HandlingMultipleWindows</td><td><a href="#m0">handlingMultipleMessageWindow</a></td><td rowspan="1">1654349913245</td><td rowspan="1">7384</td></tr><tr class="failedodd"><td rowspan="1">com.nxtgenai.testcases.HandlingPopUp</td><td><a href="#m1">validatePromptAlertPopUp</a></td><td rowspan="1">1654349891451</td><td rowspan="1">5080</td></tr><tr class="failedeven"><td rowspan="2">com.nxtgenai.testcases.RegisterDemo</td><td><a href="#m2">registerUser</a></td><td rowspan="2">1654349884389</td><td rowspan="2">2036</td></tr><tr class="failedeven"><td><a href="#m3">registerUser</a></td></tr><tr class="failedodd"><td rowspan="2">com.nxtgenai.testcases.ScreenNavigation</td><td><a href="#m4">validatingPythonForDataScienceNavigation</a></td><td rowspan="1">1654349850368</td><td rowspan="1">1697</td></tr><tr class="failedodd"><td><a href="#m5">validatingSeleniumOnlineTrainingNavigation</a></td><td rowspan="1">1654349856721</td><td rowspan="1">5499</td></tr><tr><th colspan="4">NxtGen AI Suite &#8212; passed</th></tr><tr class="passedeven"><td rowspan="2">com.nxtgenai.testcases.HandlingMultipleWindows</td><td><a href="#m6">handlingMultipleBrowsers</a></td><td rowspan="1">1654349898871</td><td rowspan="1">7112</td></tr><tr class="passedeven"><td><a href="#m7">handlingMultipleTabs</a></td><td rowspan="1">1654349905984</td><td rowspan="1">7260</td></tr><tr class="passedodd"><td rowspan="2">com.nxtgenai.testcases.HandlingPopUp</td><td><a href="#m8">validateAlertPopUp</a></td><td rowspan="1">1654349890680</td><td rowspan="1">255</td></tr><tr class="passedodd"><td><a href="#m9">validateConfirmAlertPopUp</a></td><td rowspan="1">1654349890936</td><td rowspan="1">514</td></tr><tr class="passedeven"><td rowspan="9">com.nxtgenai.testcases.ScreenNavigation</td><td><a href="#m10">validatingAlertPopUpNavigation</a></td><td rowspan="1">1654349865436</td><td rowspan="1">2486</td></tr><tr class="passedeven"><td><a href="#m11">validatingCourseCompletionCertificateNavigation</a></td><td rowspan="1">1654349854200</td><td rowspan="1">2520</td></tr><tr class="passedeven"><td><a href="#m12">validatingMultipleWindowsNavigation</a></td><td rowspan="1">1654349867924</td><td rowspan="1">2528</td></tr><tr class="passedeven"><td><a href="#m13">validatingNumPyNavigation</a></td><td rowspan="1">1654349877613</td><td rowspan="1">3381</td></tr><tr class="passedeven"><td><a href="#m14">validatingPandasNavigation</a></td><td rowspan="1">1654349880997</td><td rowspan="1">3339</td></tr><tr class="passedeven"><td><a href="#m15">validatingRegistrationFormNavigation</a></td><td rowspan="1">1654349862449</td><td rowspan="1">2984</td></tr><tr class="passedeven"><td><a href="#m16">validatingTechTalkNavigation</a></td><td rowspan="1">1654349872736</td><td rowspan="1">2214</td></tr><tr class="passedeven"><td><a href="#m17">validatingTestimonialsNavigation</a></td><td rowspan="1">1654349874951</td><td rowspan="1">2660</td></tr><tr class="passedeven"><td><a href="#m18">validatingWebTableNavigation</a></td><td rowspan="1">1654349870454</td><td rowspan="1">2279</td></tr></tbody>
</table>
<h2>NxtGen AI Suite</h2><h3 id="m0">com.nxtgenai.testcases.HandlingMultipleWindows#handlingMultipleMessageWindow</h3><table class="result"><tr><th>Exception</th></tr><tr><td><div class="stacktrace">org.openqa.selenium.NoSuchElementException: no such element: Unable to locate element: {&quot;method&quot;:&quot;xpath&quot;,&quot;selector&quot;:&quot;//button[contains(@name,&apos;4242newmessagewindow&apos;)]&quot;}
  (Session info: chrome=102.0.5005.63)
For documentation on this error, please visit: https://www.seleniumhq.org/exceptions/no_such_element.html
Build info: version: &apos;3.141.59&apos;, revision: &apos;e82be7d358&apos;, time: &apos;2018-11-14T08:17:03&apos;
System info: host: &apos;DESKTOP-QMSQO3B&apos;, ip: &apos;192.168.1.4&apos;, os.name: &apos;Windows 10&apos;, os.arch: &apos;amd64&apos;, os.version: &apos;10.0&apos;, java.version: &apos;11.0.10&apos;
Driver info: org.openqa.selenium.chrome.ChromeDriver
Capabilities {acceptInsecureCerts: false, browserName: chrome, browserVersion: 102.0.5005.63, chrome: {chromedriverVersion: 102.0.5005.61 (0e59bcc00cc4..., userDataDir: C:\Users\User\AppData\Local...}, goog:chromeOptions: {debuggerAddress: localhost:60459}, javascriptEnabled: true, networkConnectionEnabled: false, pageLoadStrategy: normal, platform: WINDOWS, platformName: WINDOWS, proxy: Proxy(), setWindowRect: true, strictFileInteractability: false, timeouts: {implicit: 0, pageLoad: 300000, script: 30000}, unhandledPromptBehavior: dismiss and notify, webauthn:extension:credBlob: true, webauthn:extension:largeBlob: true, webauthn:virtualAuthenticators: true}
Session ID: 36ea0268c10555c28cd623898cc24c13
*** Element info: {Using=xpath, value=//button[contains(@name,&apos;4242newmessagewindow&apos;)]}
	at org.openqa.selenium.remote.http.W3CHttpResponseCodec.createException(W3CHttpResponseCodec.java:187)
	at org.openqa.selenium.remote.http.W3CHttpResponseCodec.decode(W3CHttpResponseCodec.java:122)
	at org.openqa.selenium.remote.http.W3CHttpResponseCodec.decode(W3CHttpResponseCodec.java:49)
	at org.openqa.selenium.remote.HttpCommandExecutor.execute(HttpCommandExecutor.java:158)
	at org.openqa.selenium.remote.service.DriverCommandExecutor.execute(DriverCommandExecutor.java:83)
	at org.openqa.selenium.remote.RemoteWebDriver.execute(RemoteWebDriver.java:552)
	at org.openqa.selenium.remote.RemoteWebDriver.findElement(RemoteWebDriver.java:323)
	at org.openqa.selenium.remote.RemoteWebDriver.findElementByXPath(RemoteWebDriver.java:428)
	at org.openqa.selenium.By$ByXPath.findElement(By.java:353)
	at org.openqa.selenium.remote.RemoteWebDriver.findElement(RemoteWebDriver.java:315)
	at org.openqa.selenium.support.pagefactory.DefaultElementLocator.findElement(DefaultElementLocator.java:69)
	at org.openqa.selenium.support.pagefactory.internal.LocatingElementHandler.invoke(LocatingElementHandler.java:38)
	at com.sun.proxy.$Proxy12.click(Unknown Source)
	at com.nxtgenai.pages.NxtGenMultipleWindowsPage.clickNewMessageWindowBtn(NxtGenMultipleWindowsPage.java:37)
	at com.nxtgenai.testcases.HandlingMultipleWindows.handlingMultipleMessageWindow(HandlingMultipleWindows.java:82)
	at java.base/java.util.ArrayList.forEach(ArrayList.java:1541)
... Removed 35 stack frames</div></td></tr></table><p class="totop"><a href="#summary">back to summary</a></p>
<h3 id="m1">com.nxtgenai.testcases.HandlingPopUp#validatePromptAlertPopUp</h3><table class="result"><tr><th>Exception</th></tr><tr><td><div class="stacktrace">org.openqa.selenium.NoSuchElementException: no such element: Unable to locate element: {&quot;method&quot;:&quot;xpath&quot;,&quot;selector&quot;:&quot;//button[contains(@name,&apos;1234promptalertbox&apos;)]&quot;}
  (Session info: chrome=102.0.5005.63)
For documentation on this error, please visit: https://www.seleniumhq.org/exceptions/no_such_element.html
Build info: version: &apos;3.141.59&apos;, revision: &apos;e82be7d358&apos;, time: &apos;2018-11-14T08:17:03&apos;
System info: host: &apos;DESKTOP-QMSQO3B&apos;, ip: &apos;192.168.1.4&apos;, os.name: &apos;Windows 10&apos;, os.arch: &apos;amd64&apos;, os.version: &apos;10.0&apos;, java.version: &apos;11.0.10&apos;
Driver info: org.openqa.selenium.chrome.ChromeDriver
Capabilities {acceptInsecureCerts: false, browserName: chrome, browserVersion: 102.0.5005.63, chrome: {chromedriverVersion: 102.0.5005.61 (0e59bcc00cc4..., userDataDir: C:\Users\User\AppData\Local...}, goog:chromeOptions: {debuggerAddress: localhost:60459}, javascriptEnabled: true, networkConnectionEnabled: false, pageLoadStrategy: normal, platform: WINDOWS, platformName: WINDOWS, proxy: Proxy(), setWindowRect: true, strictFileInteractability: false, timeouts: {implicit: 0, pageLoad: 300000, script: 30000}, unhandledPromptBehavior: dismiss and notify, webauthn:extension:credBlob: true, webauthn:extension:largeBlob: true, webauthn:virtualAuthenticators: true}
Session ID: 36ea0268c10555c28cd623898cc24c13
*** Element info: {Using=xpath, value=//button[contains(@name,&apos;1234promptalertbox&apos;)]}
	at org.openqa.selenium.remote.http.W3CHttpResponseCodec.createException(W3CHttpResponseCodec.java:187)
	at org.openqa.selenium.remote.http.W3CHttpResponseCodec.decode(W3CHttpResponseCodec.java:122)
	at org.openqa.selenium.remote.http.W3CHttpResponseCodec.decode(W3CHttpResponseCodec.java:49)
	at org.openqa.selenium.remote.HttpCommandExecutor.execute(HttpCommandExecutor.java:158)
	at org.openqa.selenium.remote.service.DriverCommandExecutor.execute(DriverCommandExecutor.java:83)
	at org.openqa.selenium.remote.RemoteWebDriver.execute(RemoteWebDriver.java:552)
	at org.openqa.selenium.remote.RemoteWebDriver.findElement(RemoteWebDriver.java:323)
	at org.openqa.selenium.remote.RemoteWebDriver.findElementByXPath(RemoteWebDriver.java:428)
	at org.openqa.selenium.By$ByXPath.findElement(By.java:353)
	at org.openqa.selenium.remote.RemoteWebDriver.findElement(RemoteWebDriver.java:315)
	at org.openqa.selenium.support.pagefactory.DefaultElementLocator.findElement(DefaultElementLocator.java:69)
	at org.openqa.selenium.support.pagefactory.internal.LocatingElementHandler.invoke(LocatingElementHandler.java:38)
	at com.sun.proxy.$Proxy12.click(Unknown Source)
	at com.nxtgenai.pages.NxtGenAlertPopupPage.clickPromptAlertBoxButton(NxtGenAlertPopupPage.java:45)
	at com.nxtgenai.testcases.HandlingPopUp.validatePromptAlertPopUp(HandlingPopUp.java:41)
	at java.base/java.util.ArrayList.forEach(ArrayList.java:1541)
... Removed 35 stack frames</div></td></tr></table><p class="totop"><a href="#summary">back to summary</a></p>
<h3 id="m2">com.nxtgenai.testcases.RegisterDemo#registerUser</h3><table class="result"><tr class="param"><th>Parameter #1</th></tr><tr class="param stripe"><td>{EmailID=vinothrwins@gmail.com, Gender=Male, StreetAddress=XYZ Street, UFT=ON, ApartmentNumber=S1, SeleniumWebDriver=ON, Country=India, Expected Successful Message=Registration Form is Successfully Submitted, PinCode=600100, State=Tamil Nadu, Query=What is the Roadmap for Automation?, TitleValidation=Register For Demo, MM=25, LastName=Rathinam, FirstName=Vinoth, MobileNumber=638354489, FunctionalTesting=OFF, Others=OFF, TestNG=ON, AMPM=AM, CoreJava=OFF, DemoDate=03/31/2021, HH=01, City=Chennai}</td></tr><tr><th>Exception</th></tr><tr><td><div class="stacktrace">java.lang.NullPointerException
	at com.nxtgenai.pages.NxtGenRegisterDemoPage.setFirstName(NxtGenRegisterDemoPage.java:139)
	at com.nxtgenai.testcases.RegisterDemo.registerUser(RegisterDemo.java:28)
	at java.base/java.util.ArrayList.forEach(ArrayList.java:1541)
... Removed 31 stack frames</div></td></tr></table><p class="totop"><a href="#summary">back to summary</a></p>
<h3 id="m3">com.nxtgenai.testcases.RegisterDemo#registerUser</h3><table class="result"><tr class="param"><th>Parameter #1</th></tr><tr class="param stripe"><td>{EmailID=vinothrwins@gmail.com, Gender=Male, StreetAddress=ABC Street, UFT=OFF, ApartmentNumber=C1, SeleniumWebDriver=OFF, Country=India, Expected Successful Message=Registration Form is Successfully Submitted, PinCode=600200, State=Tamil Nadu, Query=What is the Roadmap for Automation?, TitleValidation=Register For Demo, MM=35, LastName=Vinoth, FirstName=Pranav, MobileNumber=638354489, FunctionalTesting=ON, Others=ON, TestNG=OFF, AMPM=PM, CoreJava=ON, DemoDate=03/31/2021, HH=04, City=Chennai}</td></tr><tr><th>Exception</th></tr><tr><td><div class="stacktrace">java.lang.NullPointerException
	at com.nxtgenai.pages.NxtGenRegisterDemoPage.setFirstName(NxtGenRegisterDemoPage.java:139)
	at com.nxtgenai.testcases.RegisterDemo.registerUser(RegisterDemo.java:28)
	at java.base/java.util.ArrayList.forEach(ArrayList.java:1541)
... Removed 31 stack frames</div></td></tr></table><p class="totop"><a href="#summary">back to summary</a></p>
<h3 id="m4">com.nxtgenai.testcases.ScreenNavigation#validatingPythonForDataScienceNavigation</h3><table class="result"><tr><th>Exception</th></tr><tr><td><div class="stacktrace">org.openqa.selenium.WebDriverException: unknown error: cannot determine loading status
from target frame detached
  (Session info: chrome=102.0.5005.63)
Build info: version: &apos;3.141.59&apos;, revision: &apos;e82be7d358&apos;, time: &apos;2018-11-14T08:17:03&apos;
System info: host: &apos;DESKTOP-QMSQO3B&apos;, ip: &apos;192.168.1.4&apos;, os.name: &apos;Windows 10&apos;, os.arch: &apos;amd64&apos;, os.version: &apos;10.0&apos;, java.version: &apos;11.0.10&apos;
Driver info: org.openqa.selenium.chrome.ChromeDriver
Capabilities {acceptInsecureCerts: false, browserName: chrome, browserVersion: 102.0.5005.63, chrome: {chromedriverVersion: 102.0.5005.61 (0e59bcc00cc4..., userDataDir: C:\Users\User\AppData\Local...}, goog:chromeOptions: {debuggerAddress: localhost:60459}, javascriptEnabled: true, networkConnectionEnabled: false, pageLoadStrategy: normal, platform: WINDOWS, platformName: WINDOWS, proxy: Proxy(), setWindowRect: true, strictFileInteractability: false, timeouts: {implicit: 0, pageLoad: 300000, script: 30000}, unhandledPromptBehavior: dismiss and notify, webauthn:extension:credBlob: true, webauthn:extension:largeBlob: true, webauthn:virtualAuthenticators: true}
Session ID: 36ea0268c10555c28cd623898cc24c13
	at org.openqa.selenium.remote.http.W3CHttpResponseCodec.createException(W3CHttpResponseCodec.java:187)
	at org.openqa.selenium.remote.http.W3CHttpResponseCodec.decode(W3CHttpResponseCodec.java:122)
	at org.openqa.selenium.remote.http.W3CHttpResponseCodec.decode(W3CHttpResponseCodec.java:49)
	at org.openqa.selenium.remote.HttpCommandExecutor.execute(HttpCommandExecutor.java:158)
	at org.openqa.selenium.remote.service.DriverCommandExecutor.execute(DriverCommandExecutor.java:83)
	at org.openqa.selenium.remote.RemoteWebDriver.execute(RemoteWebDriver.java:552)
	at org.openqa.selenium.remote.RemoteWebElement.execute(RemoteWebElement.java:285)
	at org.openqa.selenium.remote.RemoteWebElement.click(RemoteWebElement.java:84)
	at org.openqa.selenium.support.pagefactory.internal.LocatingElementHandler.invoke(LocatingElementHandler.java:51)
	at com.sun.proxy.$Proxy12.click(Unknown Source)
	at com.nxtgenai.pages.NxtGenHomePage.clickPythonForDataScienceLink(NxtGenHomePage.java:105)
	at com.nxtgenai.testcases.ScreenNavigation.validatingPythonForDataScienceNavigation(ScreenNavigation.java:15)
	at java.base/java.util.ArrayList.forEach(ArrayList.java:1541)
... Removed 39 stack frames</div></td></tr></table><p class="totop"><a href="#summary">back to summary</a></p>
<h3 id="m5">com.nxtgenai.testcases.ScreenNavigation#validatingSeleniumOnlineTrainingNavigation</h3><table class="result"><tr><th>Exception</th></tr><tr><td><div class="stacktrace">org.openqa.selenium.NoSuchElementException: no such element: Unable to locate element: {&quot;method&quot;:&quot;partial link text&quot;,&quot;selector&quot;:&quot;Online Training&quot;}
  (Session info: chrome=102.0.5005.63)
For documentation on this error, please visit: https://www.seleniumhq.org/exceptions/no_such_element.html
Build info: version: &apos;3.141.59&apos;, revision: &apos;e82be7d358&apos;, time: &apos;2018-11-14T08:17:03&apos;
System info: host: &apos;DESKTOP-QMSQO3B&apos;, ip: &apos;192.168.1.4&apos;, os.name: &apos;Windows 10&apos;, os.arch: &apos;amd64&apos;, os.version: &apos;10.0&apos;, java.version: &apos;11.0.10&apos;
Driver info: org.openqa.selenium.chrome.ChromeDriver
Capabilities {acceptInsecureCerts: false, browserName: chrome, browserVersion: 102.0.5005.63, chrome: {chromedriverVersion: 102.0.5005.61 (0e59bcc00cc4..., userDataDir: C:\Users\User\AppData\Local...}, goog:chromeOptions: {debuggerAddress: localhost:60459}, javascriptEnabled: true, networkConnectionEnabled: false, pageLoadStrategy: normal, platform: WINDOWS, platformName: WINDOWS, proxy: Proxy(), setWindowRect: true, strictFileInteractability: false, timeouts: {implicit: 0, pageLoad: 300000, script: 30000}, unhandledPromptBehavior: dismiss and notify, webauthn:extension:credBlob: true, webauthn:extension:largeBlob: true, webauthn:virtualAuthenticators: true}
Session ID: 36ea0268c10555c28cd623898cc24c13
*** Element info: {Using=partial link text, value=Online Training}
	at org.openqa.selenium.remote.http.W3CHttpResponseCodec.createException(W3CHttpResponseCodec.java:187)
	at org.openqa.selenium.remote.http.W3CHttpResponseCodec.decode(W3CHttpResponseCodec.java:122)
	at org.openqa.selenium.remote.http.W3CHttpResponseCodec.decode(W3CHttpResponseCodec.java:49)
	at org.openqa.selenium.remote.HttpCommandExecutor.execute(HttpCommandExecutor.java:158)
	at org.openqa.selenium.remote.service.DriverCommandExecutor.execute(DriverCommandExecutor.java:83)
	at org.openqa.selenium.remote.RemoteWebDriver.execute(RemoteWebDriver.java:552)
	at org.openqa.selenium.remote.RemoteWebDriver.findElement(RemoteWebDriver.java:323)
	at org.openqa.selenium.remote.RemoteWebDriver.findElementByPartialLinkText(RemoteWebDriver.java:388)
	at org.openqa.selenium.By$ByPartialLinkText.findElement(By.java:250)
	at org.openqa.selenium.remote.RemoteWebDriver.findElement(RemoteWebDriver.java:315)
	at org.openqa.selenium.support.pagefactory.DefaultElementLocator.findElement(DefaultElementLocator.java:69)
	at org.openqa.selenium.support.pagefactory.internal.LocatingElementHandler.invoke(LocatingElementHandler.java:38)
	at com.sun.proxy.$Proxy12.click(Unknown Source)
	at com.nxtgenai.pages.NxtGenHomePage.navigateToSeleniumOnlineTraining(NxtGenHomePage.java:122)
	at com.nxtgenai.testcases.ScreenNavigation.validatingSeleniumOnlineTrainingNavigation(ScreenNavigation.java:27)
	at java.base/java.util.ArrayList.forEach(ArrayList.java:1541)
... Removed 35 stack frames</div></td></tr></table><p class="totop"><a href="#summary">back to summary</a></p>
<h3 id="m6">com.nxtgenai.testcases.HandlingMultipleWindows#handlingMultipleBrowsers</h3><table class="result"><tr><th class="invisible"/></tr></table><p class="totop"><a href="#summary">back to summary</a></p>
<h3 id="m7">com.nxtgenai.testcases.HandlingMultipleWindows#handlingMultipleTabs</h3><table class="result"><tr><th class="invisible"/></tr></table><p class="totop"><a href="#summary">back to summary</a></p>
<h3 id="m8">com.nxtgenai.testcases.HandlingPopUp#validateAlertPopUp</h3><table class="result"><tr><th class="invisible"/></tr></table><p class="totop"><a href="#summary">back to summary</a></p>
<h3 id="m9">com.nxtgenai.testcases.HandlingPopUp#validateConfirmAlertPopUp</h3><table class="result"><tr><th class="invisible"/></tr></table><p class="totop"><a href="#summary">back to summary</a></p>
<h3 id="m10">com.nxtgenai.testcases.ScreenNavigation#validatingAlertPopUpNavigation</h3><table class="result"><tr><th class="invisible"/></tr></table><p class="totop"><a href="#summary">back to summary</a></p>
<h3 id="m11">com.nxtgenai.testcases.ScreenNavigation#validatingCourseCompletionCertificateNavigation</h3><table class="result"><tr><th class="invisible"/></tr></table><p class="totop"><a href="#summary">back to summary</a></p>
<h3 id="m12">com.nxtgenai.testcases.ScreenNavigation#validatingMultipleWindowsNavigation</h3><table class="result"><tr><th class="invisible"/></tr></table><p class="totop"><a href="#summary">back to summary</a></p>
<h3 id="m13">com.nxtgenai.testcases.ScreenNavigation#validatingNumPyNavigation</h3><table class="result"><tr><th class="invisible"/></tr></table><p class="totop"><a href="#summary">back to summary</a></p>
<h3 id="m14">com.nxtgenai.testcases.ScreenNavigation#validatingPandasNavigation</h3><table class="result"><tr><th class="invisible"/></tr></table><p class="totop"><a href="#summary">back to summary</a></p>
<h3 id="m15">com.nxtgenai.testcases.ScreenNavigation#validatingRegistrationFormNavigation</h3><table class="result"><tr><th class="invisible"/></tr></table><p class="totop"><a href="#summary">back to summary</a></p>
<h3 id="m16">com.nxtgenai.testcases.ScreenNavigation#validatingTechTalkNavigation</h3><table class="result"><tr><th class="invisible"/></tr></table><p class="totop"><a href="#summary">back to summary</a></p>
<h3 id="m17">com.nxtgenai.testcases.ScreenNavigation#validatingTestimonialsNavigation</h3><table class="result"><tr><th class="invisible"/></tr></table><p class="totop"><a href="#summary">back to summary</a></p>
<h3 id="m18">com.nxtgenai.testcases.ScreenNavigation#validatingWebTableNavigation</h3><table class="result"><tr><th class="invisible"/></tr></table><p class="totop"><a href="#summary">back to summary</a></p>
</body>
</html>
